生成启动时间为 2020/12/14 20:36:25。
     1>项目“D:\C语言程序设计\作业\homework4_4.c\homework4_4.c\homework4_4.c.vcxproj”在节点 2 上(build 个目标)。
     1>InitializeBuildStatus:
         正在创建“Debug\homework4_4.c.unsuccessfulbuild”，因为已指定“AlwaysCreate”。
       ClCompile:
         D:\Program Files (x86)\Microsoft Visual Studio 10.0\VC\bin\CL.exe /c /ZI /nologo /W3 /WX- /Od /Oy- /D WIN32 /D _DEBUG /D _CONSOLE /D _UNICODE /D UNICODE /Gm /EHsc /RTC1 /MDd /GS /fp:precise /Zc:wchar_t /Zc:forScope /Fo"Debug\\" /Fd"Debug\vc100.pdb" /Gd /TP /analyze- /errorReport:prompt homework4_4.cpp
         homework4_4.cpp
       ManifestResourceCompile:
         所有输出均为最新。
       Link:
         D:\Program Files (x86)\Microsoft Visual Studio 10.0\VC\bin\link.exe /ERRORREPORT:PROMPT /OUT:"D:\C语言程序设计\作业\homework4_4.c\Debug\homework4_4.c.exe" /INCREMENTAL /NOLOGO kernel32.lib user32.lib gdi32.lib winspool.lib comdlg32.lib advapi32.lib shell32.lib ole32.lib oleaut32.lib uuid.lib odbc32.lib odbccp32.lib /MANIFEST /ManifestFile:"Debug\homework4_4.c.exe.intermediate.manifest" /MANIFESTUAC:"level='asInvoker' uiAccess='false'" /DEBUG /PDB:"D:\C语言程序设计\作业\homework4_4.c\Debug\homework4_4.c.pdb" /SUBSYSTEM:CONSOLE /TLBID:1 /DYNAMICBASE /NXCOMPAT /IMPLIB:"D:\C语言程序设计\作业\homework4_4.c\Debug\homework4_4.c.lib" /MACHINE:X86 Debug\homework4_4.c.exe.embed.manifest.res
         Debug\homework4_4.obj
       Manifest:
         C:\Program Files (x86)\Microsoft SDKs\Windows\v7.0A\bin\mt.exe /nologo /verbose /out:"Debug\homework4_4.c.exe.embed.manifest" /manifest Debug\homework4_4.c.exe.intermediate.manifest
         所有输出均为最新。
       LinkEmbedManifest:
         所有输出均为最新。
         homework4_4.c.vcxproj -> D:\C语言程序设计\作业\homework4_4.c\Debug\homework4_4.c.exe
       FinalizeBuildStatus:
         正在删除文件“Debug\homework4_4.c.unsuccessfulbuild”。
         正在对“Debug\homework4_4.c.lastbuildstate”执行 Touch 任务。
     1>已完成生成项目“D:\C语言程序设计\作业\homework4_4.c\homework4_4.c\homework4_4.c.vcxproj”(build 个目标)的操作。

生成成功。

已用时间 00:00:00.52
